<?xml version="1.0" encoding="UTF-8"?>
<!-- Generated by org.testng.reporters.JUnitReportReporter -->
<testsuite hostname="DESKTOP-7FGOP1G" failures="0" tests="10" name="mangento.sing_out" time="5.465" errors="0" timestamp="2023-10-23T11:46:59 EET" skipped="0">
  <testcase classname="mangento.sing_out" name="myTest" time="0.424"/>
  <system-out/>
  <testcase classname="mangento.sing_out" name="myTest" time="0.682"/>
  <system-out/>
  <testcase classname="mangento.sing_out" name="myTest" time="0.568"/>
  <system-out/>
  <testcase classname="mangento.sing_out" name="myTest" time="0.886"/>
  <system-out/>
  <testcase classname="mangento.sing_out" name="myTest" time="0.402"/>
  <system-out/>
  <testcase classname="mangento.sing_out" name="myTest" time="0.366"/>
  <system-out/>
  <testcase classname="mangento.sing_out" name="myTest" time="0.755"/>
  <system-out/>
  <testcase classname="mangento.sing_out" name="myTest" time="0.274"/>
  <system-out/>
  <testcase classname="mangento.sing_out" name="myTest" time="0.486"/>
  <system-out/>
  <testcase classname="mangento.sing_out" name="myTest" time="0.622"/>
  <system-out/>
</testsuite> <!-- mangento.sing_out -->
